12:03:07.522 > ets Jul 29 2019 12:21:46
12:03:07.522 > 
12:03:07.522 > rst:0x1 (POWERON_RESET),boot:0x13 (SPI_FAST_FLASH_BOOT)
12:03:07.528 > configsip: 0, SPIWP:0xee
12:03:07.530 > clk_drv:0x00,q_drv:0x00,d_drv:0x00,cs0_drv:0x00,hd_drv:0x00,wp_drv:0x00
12:03:07.536 > mode:DIO, clock div:2
12:03:07.539 > load:0x3fff0030,len:1184
12:03:07.542 > load:0x40078000,len:13232
12:03:07.544 > load:0x40080400,len:3028
12:03:07.544 > entry 0x400805e4
12:03:07.678 > [     6][D][esp32-hal-cpu.c:244] setCpuFrequencyMhz(): PLL: 480 / 2 = 240 Mhz, APB: 80000000 Hz
12:03:07.695 > [    23][V][esp32-hal-uart.c:330] uartBegin(): UART0 baud(115200) Mode(800001c) rxPin(3) txPin(1)
12:03:07.706 > [    33][V][esp32-hal-uart.c:416] uartBegin(): UART0 not installed. Starting installation
12:03:07.723 > [    44][V][esp32-hal-uart.c:467] uartBegin(): UART0 initialization done.
12:03:07.729 > [    58][I][main.cpp:12] setup(): [TEST] Starting Program
12:03:07.734 > 
12:03:07.735 > ---------------------------------
12:03:07.738 > Firmware Build Number: 11
12:03:07.738 > Build Date: 2025-09-09 12:02:55
12:03:07.742 > ---------------------------------
12:03:07.746 > 
12:03:07.746 > Lambda expressions : age = 15
12:03:07.748 > element 1
12:03:07.748 > element 2
12:03:07.748 > element 3
12:03:07.751 > element 4
12:03:07.751 > element 5
12:03:07.751 > [    74][I][main.cpp:33] setup(): [TEST] Ending Program
